<?xml version="1.0" encoding="UTF-8"?>
<testng-results ignored="0" total="3" passed="3" failed="0" skipped="0">
  <reporter-output>
  </reporter-output>
  <suite started-at="2022-12-13T11:36:22 IST" name="Suite" finished-at="2022-12-13T11:37:23 IST" duration-ms="61611">
    <groups>
    </groups>
    <test started-at="2022-12-13T11:36:22 IST" name="Test" finished-at="2022-12-13T11:37:23 IST" duration-ms="61611">
      <class name="Jenkins_Testcase.Lambo_Test">
        <test-method signature="lambo()[pri:0, instance:Jenkins_Testcase.Lambo_Test@d706f19]" started-at="2022-12-13T11:36:48 IST" name="lambo" finished-at="2022-12-13T11:37:11 IST" duration-ms="22779" status="PASS">
          <reporter-output>
          </reporter-output>
        </test-method> <!-- lambo -->
      </class> <!-- Jenkins_Testcase.Lambo_Test -->
      <class name="Jenkins_Testcase.Tata_Test">
        <test-method signature="tata()[pri:0, instance:Jenkins_Testcase.Tata_Test@65d6b83b]" started-at="2022-12-13T11:36:22 IST" name="tata" finished-at="2022-12-13T11:36:48 IST" duration-ms="26164" status="PASS">
          <reporter-output>
          </reporter-output>
        </test-method> <!-- tata -->
      </class> <!-- Jenkins_Testcase.Tata_Test -->
      <class name="Jenkins_Testcase.Mitsubishi_Test">
        <test-method signature="tata()[pri:0, instance:Jenkins_Testcase.Mitsubishi_Test@30b7c004]" started-at="2022-12-13T11:37:11 IST" name="tata" finished-at="2022-12-13T11:37:23 IST" duration-ms="12572" status="PASS">
          <reporter-output>
          </reporter-output>
        </test-method> <!-- tata -->
      </class> <!-- Jenkins_Testcase.Mitsubishi_Test -->
    </test> <!-- Test -->
  </suite> <!-- Suite -->
</testng-results>
