<?xml version="1.0" encoding="UTF-8"?>
<!-- Generated by org.testng.reporters.JUnitXMLReporter -->
<testsuite ignored="0" hostname="VINYA" failures="0" tests="3" name="Test" time="61.611" errors="0" timestamp="2022-12-13T11:37:23 IST">
  <testcase classname="Jenkins_Testcase.Tata_Test" name="tata" time="26.164"/>
  <testcase classname="Jenkins_Testcase.Lambo_Test" name="lambo" time="22.779"/>
  <testcase classname="Jenkins_Testcase.Mitsubishi_Test" name="tata" time="12.572"/>
</testsuite> <!-- Test -->
